\BOOKMARK [1][-]{section.1}{\376\377\000T\000h\000e\000\040\000e\000x\000p\000e\000c\000t\000a\000t\000i\000o\000n\000s\000\040\000w\000e\000\040\000n\000e\000e\000d}{}% 1
\BOOKMARK [1][-]{section.2}{\376\377\000T\000h\000e\000\040\000o\000n\000e\000\040\000p\000r\000i\000m\000i\000t\000i\000v\000e\000:\000\040\000E\000[\000F\000o\000u\000r\000i\000e\000r\000\040\000s\000u\000m\000]\000\040\000i\000s\000\040\000a\000n\000\040\000F\000F\000T\000\040\000o\000f\000\040\000a\000\040\000d\000e\000n\000s\000i\000t\000y}{}% 2
\BOOKMARK [1][-]{section.3}{\376\377\000T\000h\000e\000\040\000p\000r\000e\000c\000i\000s\000i\000o\000n\000\040\000A\000r\000:\000\040\000B\000T\000T\000B\000\040\000i\000s\000\040\000p\000r\000e\000s\000e\000r\000v\000e\000d}{}% 3
\BOOKMARK [1][-]{section.4}{\376\377\000T\000h\000e\000\040\000r\000i\000g\000h\000t\000-\000h\000a\000n\000d\000\040\000s\000i\000d\000e\000\040\000h\000r}{}% 4
\BOOKMARK [1][-]{section.5}{\376\377\000H\000o\000w\000\040\000m\000u\000c\000h\000\040\000o\000f\000\040\000t\000h\000i\000s\000\040\000i\000s\000\040\000F\000o\000u\000r\000i\000e\000r\000-\000s\000p\000e\000c\000i\000f\000i\000c\000?}{}% 5
\BOOKMARK [1][-]{section.6}{\376\377\000A\000l\000g\000o\000r\000i\000t\000h\000m\000:\000\040\000p\000e\000r\000-\000s\000o\000u\000r\000c\000e\000\040\000G\000a\000u\000s\000s\000i\000a\000n\000-\000m\000i\000x\000t\000u\000r\000e\000\040\000s\000p\000r\000e\000a\000d\000e\000r}{}% 6
\BOOKMARK [2][-]{subsection.6.1}{\376\377\000S\000p\000r\000e\000a\000d\000\040\000t\000h\000e\000\040\000d\000e\000n\000s\000i\000t\000i\000e\000s\000,\000\040\000F\000F\000T\000,\000\040\000d\000o\000n\000e}{section.6}% 7
\BOOKMARK [2][-]{subsection.6.2}{\376\377\000S\000t\000e\000n\000c\000i\000l\000\040\000t\000r\000u\000n\000c\000a\000t\000i\000o\000n\000\040\000e\000r\000r\000o\000r}{section.6}% 8
\BOOKMARK [1][-]{section.7}{\376\377\000C\000o\000s\000t\000\040\000a\000n\000a\000l\000y\000s\000i\000s}{}% 9
\BOOKMARK [2][-]{subsection.7.1}{\376\377\000T\000h\000e\000\040\000f\000u\000n\000d\000a\000m\000e\000n\000t\000a\000l\000\040\000c\000o\000s\000t\000\040\000d\000r\000i\000v\000e\000r}{section.7}% 10
\BOOKMARK [2][-]{subsection.7.2}{\376\377\000O\000p\000t\000i\000m\000a\000l\000\040\000s\000t\000e\000n\000c\000i\000l\000\040\000r\000a\000d\000i\000u\000s\000:\000\040\000r\0008\000,\000\040\000f\000i\000x\000e\000d}{section.7}% 11
\BOOKMARK [1][-]{section.8}{\376\377\000I\000m\000p\000l\000e\000m\000e\000n\000t\000a\000t\000i\000o\000n}{}% 12
\BOOKMARK [2][-]{subsection.8.1}{\376\377\000N\000e\000w\000\040\000m\000o\000d\000u\000l\000e\000:\000\040\000s\000i\000n\000g\000/\000e\000f\000g\000p\000\137\000g\000m\000i\000x\000\137\000s\000p\000r\000e\000a\000d\000e\000r\000.\000p\000y}{section.8}% 13
\BOOKMARK [2][-]{subsection.8.2}{\376\377\000N\000e\000w\000\040\000q\000\050\000f\000\051\000\040\000u\000p\000d\000a\000t\000e\000:\000\040\000c\000o\000m\000p\000u\000t\000e\000\137\000m\000u\000\137\000r\000\137\000g\000m\000i\000x\000\137\000j\000a\000x}{section.8}% 14
\BOOKMARK [2][-]{subsection.8.3}{\376\377\000D\000r\000i\000v\000e\000r\000\040\000h\000o\000o\000k\000:\000\040\000e\000s\000t\000e\000p\000\137\000m\000e\000t\000h\000o\000d}{section.8}% 15
\BOOKMARK [2][-]{subsection.8.4}{\376\377\000T\000e\000s\000t\000s}{section.8}% 16
\BOOKMARK [1][-]{section.9}{\376\377\000E\000n\000d\000-\000t\000o\000-\000e\000n\000d\000\040\000b\000e\000n\000c\000h\000m\000a\000r\000k}{}% 17
\BOOKMARK [2][-]{subsection.9.1}{\376\377\000S\000e\000t\000u\000p}{section.9}% 18
\BOOKMARK [2][-]{subsection.9.2}{\376\377\000R\000e\000s\000u\000l\000t\000s\000\040\040\024\000\040\000s\000m\000a\000l\000l\000/\000m\000e\000d\000i\000u\000m\000\040\000T}{section.9}% 19
\BOOKMARK [2][-]{subsection.9.3}{\376\377\000R\000e\000s\000u\000l\000t\000s\000\040\040\024\000\040\000T\000\040\000=\000\040\0002\0000\000,\0000\0000\0000}{section.9}% 20
\BOOKMARK [2][-]{subsection.9.4}{\376\377\000H\000y\000p\000e\000r\000p\000a\000r\000a\000m\000e\000t\000e\000r\000\040\000l\000e\000a\000r\000n\000i\000n\000g\000\040\000p\000a\000t\000h\000s\000\040\000a\000n\000d\000\040\000t\000h\000e\000\040\000l\000o\000g\000-\000m\000a\000r\000g\000i\000n\000a\000l\000\040\000l\000a\000n\000d\000s\000c\000a\000p\000e}{section.9}% 21
\BOOKMARK [1][-]{section.10}{\376\377\000W\000h\000e\000r\000e\000\040\000t\000h\000i\000s\000\040\000s\000i\000t\000s\000\040\000a\000m\000o\000n\000g\000\040\000t\000h\000e\000\040\000a\000l\000t\000e\000r\000n\000a\000t\000i\000v\000e\000s}{}% 22
\BOOKMARK [1][-]{section.11}{\376\377\000R\000e\000c\000o\000m\000m\000e\000n\000d\000a\000t\000i\000o\000n}{}% 23
\BOOKMARK [1][-]{section.12}{\376\377\000M\000a\000t\000h\000-\000t\000o\000-\000c\000o\000d\000e\000\040\000d\000i\000c\000t\000i\000o\000n\000a\000r\000y}{}% 24
